2022-01-17 10:40:46.582  INFO 7996 --- [restartedMain] c.shopme.admin.ShopmeBackEndApplication  : Starting ShopmeBackEndApplication using Java 17.0.1 on DESKTOP-S7QVLCK with PID 7996 (D:\eclipse-workspace\ShopmeProject\ShopmeWebParent\ShopmeBackEnd\target\classes started by ASUS VivoBook in D:\eclipse-workspace\ShopmeProject\ShopmeWebParent\ShopmeBackEnd)
2022-01-17 10:40:46.584  INFO 7996 --- [restartedMain] c.shopme.admin.ShopmeBackEndApplication  : No active profile set, falling back to default profiles: default
2022-01-17 10:40:49.485  INFO 7996 --- [restartedMain] .s.d.r.c.RepositoryConfigurationDelegate : Bootstrapping Spring Data JPA repositories in DEFAULT mode.
2022-01-17 10:40:49.542  INFO 7996 --- [restartedMain] .s.d.r.c.RepositoryConfigurationDelegate : Finished Spring Data repository scanning in 53 ms. Found 2 JPA repository interfaces.
2022-01-17 10:40:50.649  INFO 7996 --- [restartedMain] o.s.b.w.embedded.tomcat.TomcatWebServer  : Tomcat initialized with port(s): 4200 (http)
2022-01-17 10:40:50.653  INFO 7996 --- [restartedMain] o.apache.catalina.core.StandardService   : Starting service [Tomcat]
2022-01-17 10:40:50.655  INFO 7996 --- [restartedMain] org.apache.catalina.core.StandardEngine  : Starting Servlet engine: [Apache Tomcat/9.0.56]
2022-01-17 10:40:50.720  INFO 7996 --- [restartedMain] o.a.c.c.C.[.[localhost].[/ShopmeAdmin]   : Initializing Spring embedded WebApplicationContext
2022-01-17 10:40:50.720  INFO 7996 --- [restartedMain] w.s.c.ServletWebServerApplicationContext : Root WebApplicationContext: initialization completed in 4121 ms
2022-01-17 10:40:50.952  INFO 7996 --- [restartedMain] o.hibernate.jpa.internal.util.LogHelper  : HHH000204: Processing PersistenceUnitInfo [name: default]
2022-01-17 10:40:50.990  INFO 7996 --- [restartedMain] com.zaxxer.hikari.HikariDataSource       : HikariPool-2 - Starting...
2022-01-17 10:40:51.074  INFO 7996 --- [restartedMain] com.zaxxer.hikari.HikariDataSource       : HikariPool-2 - Start completed.
2022-01-17 10:40:51.077  INFO 7996 --- [restartedMain] org.hibernate.dialect.Dialect            : HHH000400: Using dialect: org.hibernate.dialect.MySQL8Dialect
2022-01-17 10:40:51.403  INFO 7996 --- [restartedMain] o.h.e.t.j.p.i.JtaPlatformInitiator       : HHH000490: Using JtaPlatform implementation: [org.hibernate.engine.transaction.jta.platform.internal.NoJtaPlatform]
2022-01-17 10:40:51.409  INFO 7996 --- [restartedMain] j.LocalContainerEntityManagerFactoryBean : Initialized JPA EntityManagerFactory for persistence unit 'default'
2022-01-17 10:40:51.639  WARN 7996 --- [restartedMain] JpaBaseConfiguration$JpaWebConfiguration : spring.jpa.open-in-view is enabled by default. Therefore, database queries may be performed during view rendering. Explicitly configure spring.jpa.open-in-view to disable this warning
2022-01-17 10:40:52.298  INFO 7996 --- [restartedMain] o.s.s.web.DefaultSecurityFilterChain     : Will secure Ant [pattern='/images/**'] with []
2022-01-17 10:40:52.299  INFO 7996 --- [restartedMain] o.s.s.web.DefaultSecurityFilterChain     : Will secure Ant [pattern='/js/**'] with []
2022-01-17 10:40:52.299  INFO 7996 --- [restartedMain] o.s.s.web.DefaultSecurityFilterChain     : Will secure Ant [pattern='/webjars/**'] with []
2022-01-17 10:40:52.330  INFO 7996 --- [restartedMain] o.s.s.web.DefaultSecurityFilterChain     : Will secure any request with [org.springframework.security.web.context.request.async.WebAsyncManagerIntegrationFilter@d99faa8, org.springframework.security.web.context.SecurityContextPersistenceFilter@cc2ac2, org.springframework.security.web.header.HeaderWriterFilter@3d810a86, org.springframework.security.web.csrf.CsrfFilter@77c4dd7c, org.springframework.security.web.authentication.logout.LogoutFilter@509c899b, org.springframework.security.web.authentication.UsernamePasswordAuthenticationFilter@464437b0, org.springframework.security.web.savedrequest.RequestCacheAwareFilter@3d88933e, org.springframework.security.web.servletapi.SecurityContextHolderAwareRequestFilter@8e86b33, org.springframework.security.web.authentication.rememberme.RememberMeAuthenticationFilter@7a673ab6, org.springframework.security.web.authentication.AnonymousAuthenticationFilter@1f851218, org.springframework.security.web.session.SessionManagementFilter@51b222b5, org.springframework.security.web.access.ExceptionTranslationFilter@7eb87835, org.springframework.security.web.access.intercept.FilterSecurityInterceptor@3c35d774]
2022-01-17 10:40:52.630  INFO 7996 --- [restartedMain] o.s.b.a.w.s.WelcomePageHandlerMapping    : Adding welcome page template: index
2022-01-17 10:40:54.144  INFO 7996 --- [restartedMain] o.s.b.d.a.OptionalLiveReloadServer       : LiveReload server is running on port 35729
2022-01-17 10:40:54.206  INFO 7996 --- [restartedMain] o.s.b.w.embedded.tomcat.TomcatWebServer  : Tomcat started on port(s): 4200 (http) with context path '/ShopmeAdmin'
2022-01-17 10:40:54.246  INFO 7996 --- [restartedMain] c.shopme.admin.ShopmeBackEndApplication  : Started ShopmeBackEndApplication in 7.841 seconds (JVM running for 655.3)
2022-01-17 10:40:54.269  INFO 7996 --- [restartedMain] .ConditionEvaluationDeltaLoggingListener : Condition evaluation unchanged
2022-01-17 10:46:08.516  INFO 7996 --- [Thread-7] j.LocalContainerEntityManagerFactoryBean : Closing JPA EntityManagerFactory for persistence unit 'default'
2022-01-17 10:46:08.517  INFO 7996 --- [Thread-7] com.zaxxer.hikari.HikariDataSource       : HikariPool-2 - Shutdown initiated...
2022-01-17 10:46:08.541  INFO 7996 --- [Thread-7] com.zaxxer.hikari.HikariDataSource       : HikariPool-2 - Shutdown completed.
